Build started 02.05.2016 09:59:29.
     1>Project "C:\c++\DHBW\DHBW_SS2016\DHBW_SS2016\DHBW_SS2016.vcxproj" on node 2 (Build target(s)).
     1>ClCompile:
         C:\Program Files (x86)\Microsoft Visual Studio 12.0\VC\bin\CL.exe /c /ZI /nologo /W3 /WX- /sdl /Od /Oy- /D WIN32 /D _DEBUG /D _CONSOLE /D _LIB /D _UNICODE /D UNICODE /Gm /EHsc /RTC1 /MDd /GS /fp:precise /Zc:wchar_t /Zc:forScope /Yc"stdafx.h" /Fp"Debug\DHBW_SS2016.pch" /Fo"Debug\\" /Fd"Debug\vc120.pdb" /Gd /TP /analyze- /errorReport:prompt stdafx.cpp
         stdafx.cpp
     1>c:\c++\dhbw\dhbw_ss2016\dhbw_ss2016\stdafx.cpp(1): fatal error C1083: Cannot open include file: 'stdafx.h': No such file or directory
     1>Done Building Project "C:\c++\DHBW\DHBW_SS2016\DHBW_SS2016\DHBW_SS2016.vcxproj" (Build target(s)) -- FAILED.

Build FAILED.

Time Elapsed 00:00:00.43
